CRITICAL - 2023-09-24 13:57:32 --> syntax error, unexpected token "public", expecting "," or ";"
in APPPATH\Controllers\MusicPlayerController.php on line 9.
 1 SYSTEMPATH\Autoloader\Autoloader.php(285): CodeIgniter\Autoloader\Autoloader->includeFile('C:\\laragon\\www\\MP3\\app\\Controllers\\MusicPlayerController.php')
 2 SYSTEMPATH\Autoloader\Autoloader.php(263): CodeIgniter\Autoloader\Autoloader->loadInNamespace('App\\Controllers\\MusicPlayerController')
 3 [internal function]: CodeIgniter\Autoloader\Autoloader->loadClass('App\\Controllers\\MusicPlayerController')
 4 SYSTEMPATH\CodeIgniter.php(877): class_exists('\\App\\Controllers\\MusicPlayerController', true)
 5 SYSTEMPATH\CodeIgniter.php(481): CodeIgniter\CodeIgniter->startController()
 6 SYSTEMPATH\CodeIgniter.php(353): CodeIgniter\CodeIgniter->handleRequest(null, Object(Config\Cache), false)
 7 FCPATH\index.php(79): CodeIgniter\CodeIgniter->run()
 8 SYSTEMPATH\Commands\Server\rewrite.php(47): require_once('C:\\laragon\\www\\MP3\\public\\index.php')
CRITICAL - 2023-09-24 14:38:52 --> Class "App\Controllers\MusicPlayerModel" not found
in APPPATH\Controllers\MusicPlayerController.php on line 13.
 1 SYSTEMPATH\CodeIgniter.php(919): App\Controllers\MusicPlayerController->Music()
 2 SYSTEMPATH\CodeIgniter.php(494): CodeIgniter\CodeIgniter->runController(Object(App\Controllers\MusicPlayerController))
 3 SYSTEMPATH\CodeIgniter.php(353): CodeIgniter\CodeIgniter->handleRequest(null, Object(Config\Cache), false)
 4 FCPATH\index.php(79): CodeIgniter\CodeIgniter->run()
 5 SYSTEMPATH\Commands\Server\rewrite.php(47): require_once('C:\\laragon\\www\\MP3\\public\\index.php')
ERROR - 2023-09-24 14:39:08 --> Error connecting to the database: mysqli_sql_exception: Access denied for user ''@'localhost' (using password: NO) in C:\laragon\www\MP3\system\Database\MySQLi\Connection.php:185
Stack trace:
#0 C:\laragon\www\MP3\system\Database\MySQLi\Connection.php(185): mysqli->real_connect('localhost', '', '', '', 3306, '', 0)
#1 C:\laragon\www\MP3\system\Database\BaseConnection.php(391): CodeIgniter\Database\MySQLi\Connection->connect(false)
#2 C:\laragon\www\MP3\system\Database\BaseConnection.php(574): CodeIgniter\Database\BaseConnection->initialize()
#3 C:\laragon\www\MP3\system\Database\BaseBuilder.php(1615): CodeIgniter\Database\BaseConnection->query('SELECT *\nFROM `...', Array, false)
#4 C:\laragon\www\MP3\system\Model.php(237): CodeIgniter\Database\BaseBuilder->get()
#5 C:\laragon\www\MP3\system\BaseModel.php(624): CodeIgniter\Model->doFindAll(0, 0)
#6 C:\laragon\www\MP3\app\Controllers\MusicPlayerController.php(14): CodeIgniter\BaseModel->findAll()
#7 C:\laragon\www\MP3\system\CodeIgniter.php(919): App\Controllers\MusicPlayerController->Music()
#8 C:\laragon\www\MP3\system\CodeIgniter.php(494): CodeIgniter\CodeIgniter->runController(Object(App\Controllers\MusicPlayerController))
#9 C:\laragon\www\MP3\system\CodeIgniter.php(353): CodeIgniter\CodeIgniter->handleRequest(NULL, Object(Config\Cache), false)
#10 C:\laragon\www\MP3\public\index.php(79): CodeIgniter\CodeIgniter->run()
#11 C:\laragon\www\MP3\system\Commands\Server\rewrite.php(47): require_once('C:\\laragon\\www\\...')
#12 {main}

Next CodeIgniter\Database\Exceptions\DatabaseException: Access denied for user ''@'localhost' (using password: NO) in C:\laragon\www\MP3\system\Database\MySQLi\Connection.php:229
Stack trace:
#0 C:\laragon\www\MP3\system\Database\BaseConnection.php(391): CodeIgniter\Database\MySQLi\Connection->connect(false)
#1 C:\laragon\www\MP3\system\Database\BaseConnection.php(574): CodeIgniter\Database\BaseConnection->initialize()
#2 C:\laragon\www\MP3\system\Database\BaseBuilder.php(1615): CodeIgniter\Database\BaseConnection->query('SELECT *\nFROM `...', Array, false)
#3 C:\laragon\www\MP3\system\Model.php(237): CodeIgniter\Database\BaseBuilder->get()
#4 C:\laragon\www\MP3\system\BaseModel.php(624): CodeIgniter\Model->doFindAll(0, 0)
#5 C:\laragon\www\MP3\app\Controllers\MusicPlayerController.php(14): CodeIgniter\BaseModel->findAll()
#6 C:\laragon\www\MP3\system\CodeIgniter.php(919): App\Controllers\MusicPlayerController->Music()
#7 C:\laragon\www\MP3\system\CodeIgniter.php(494): CodeIgniter\CodeIgniter->runController(Object(App\Controllers\MusicPlayerController))
#8 C:\laragon\www\MP3\system\CodeIgniter.php(353): CodeIgniter\CodeIgniter->handleRequest(NULL, Object(Config\Cache), false)
#9 C:\laragon\www\MP3\public\index.php(79): CodeIgniter\CodeIgniter->run()
#10 C:\laragon\www\MP3\system\Commands\Server\rewrite.php(47): require_once('C:\\laragon\\www\\...')
#11 {main}
CRITICAL - 2023-09-24 14:39:08 --> Unable to connect to the database.
Main connection [MySQLi]: Access denied for user ''@'localhost' (using password: NO)
in SYSTEMPATH\Database\BaseConnection.php on line 427.
 1 SYSTEMPATH\Database\BaseConnection.php(574): CodeIgniter\Database\BaseConnection->initialize()
 2 SYSTEMPATH\Database\BaseBuilder.php(1615): CodeIgniter\Database\BaseConnection->query('SELECT *
FROM `musics`', [], false)
 3 SYSTEMPATH\Model.php(237): CodeIgniter\Database\BaseBuilder->get()
 4 SYSTEMPATH\BaseModel.php(624): CodeIgniter\Model->doFindAll(0, 0)
 5 APPPATH\Controllers\MusicPlayerController.php(14): CodeIgniter\BaseModel->findAll()
 6 SYSTEMPATH\CodeIgniter.php(919): App\Controllers\MusicPlayerController->Music()
 7 SYSTEMPATH\CodeIgniter.php(494): CodeIgniter\CodeIgniter->runController(Object(App\Controllers\MusicPlayerController))
 8 SYSTEMPATH\CodeIgniter.php(353): CodeIgniter\CodeIgniter->handleRequest(null, Object(Config\Cache), false)
 9 FCPATH\index.php(79): CodeIgniter\CodeIgniter->run()
10 SYSTEMPATH\Commands\Server\rewrite.php(47): require_once('C:\\laragon\\www\\MP3\\public\\index.php')
CRITICAL - 2023-09-24 14:52:55 --> Invalid file: "playlist.php"
in SYSTEMPATH\Exceptions\FrameworkException.php on line 39.
 1 SYSTEMPATH\View\View.php(214): CodeIgniter\Exceptions\FrameworkException::forInvalidFile('playlist.php')
 2 SYSTEMPATH\Common.php(1188): CodeIgniter\View\View->render('playlist', [], true)
 3 APPPATH\Controllers\MusicPlayerController.php(21): view('playlist')
 4 SYSTEMPATH\CodeIgniter.php(919): App\Controllers\MusicPlayerController->playMusic()
 5 SYSTEMPATH\CodeIgniter.php(494): CodeIgniter\CodeIgniter->runController(Object(App\Controllers\MusicPlayerController))
 6 SYSTEMPATH\CodeIgniter.php(353): CodeIgniter\CodeIgniter->handleRequest(null, Object(Config\Cache), false)
 7 FCPATH\index.php(79): CodeIgniter\CodeIgniter->run()
 8 SYSTEMPATH\Commands\Server\rewrite.php(47): require_once('C:\\laragon\\www\\MP3\\public\\index.php')
CRITICAL - 2023-09-24 14:54:26 --> Invalid file: "playlist.php"
in SYSTEMPATH\Exceptions\FrameworkException.php on line 39.
 1 SYSTEMPATH\View\View.php(214): CodeIgniter\Exceptions\FrameworkException::forInvalidFile('playlist.php')
 2 SYSTEMPATH\Common.php(1188): CodeIgniter\View\View->render('playlist', [], true)
 3 APPPATH\Controllers\MusicPlayerController.php(24): view('playlist')
 4 SYSTEMPATH\CodeIgniter.php(919): App\Controllers\MusicPlayerController->playMusic()
 5 SYSTEMPATH\CodeIgniter.php(494): CodeIgniter\CodeIgniter->runController(Object(App\Controllers\MusicPlayerController))
 6 SYSTEMPATH\CodeIgniter.php(353): CodeIgniter\CodeIgniter->handleRequest(null, Object(Config\Cache), false)
 7 FCPATH\index.php(79): CodeIgniter\CodeIgniter->run()
 8 SYSTEMPATH\Commands\Server\rewrite.php(47): require_once('C:\\laragon\\www\\MP3\\public\\index.php')
CRITICAL - 2023-09-24 14:55:05 --> Invalid file: "playlist.php"
in SYSTEMPATH\Exceptions\FrameworkException.php on line 39.
 1 SYSTEMPATH\View\View.php(214): CodeIgniter\Exceptions\FrameworkException::forInvalidFile('playlist.php')
 2 SYSTEMPATH\Common.php(1188): CodeIgniter\View\View->render('playlist', [], true)
 3 APPPATH\Controllers\MusicPlayerController.php(24): view('playlist')
 4 SYSTEMPATH\CodeIgniter.php(919): App\Controllers\MusicPlayerController->playMusic()
 5 SYSTEMPATH\CodeIgniter.php(494): CodeIgniter\CodeIgniter->runController(Object(App\Controllers\MusicPlayerController))
 6 SYSTEMPATH\CodeIgniter.php(353): CodeIgniter\CodeIgniter->handleRequest(null, Object(Config\Cache), false)
 7 FCPATH\index.php(79): CodeIgniter\CodeIgniter->run()
 8 SYSTEMPATH\Commands\Server\rewrite.php(47): require_once('C:\\laragon\\www\\MP3\\public\\index.php')
CRITICAL - 2023-09-24 14:56:43 --> Invalid file: "playlist.php"
in SYSTEMPATH\Exceptions\FrameworkException.php on line 39.
 1 SYSTEMPATH\View\View.php(214): CodeIgniter\Exceptions\FrameworkException::forInvalidFile('playlist.php')
 2 SYSTEMPATH\Common.php(1188): CodeIgniter\View\View->render('playlist', [], true)
 3 APPPATH\Controllers\MusicPlayerController.php(24): view('playlist')
 4 SYSTEMPATH\CodeIgniter.php(919): App\Controllers\MusicPlayerController->playMusic()
 5 SYSTEMPATH\CodeIgniter.php(494): CodeIgniter\CodeIgniter->runController(Object(App\Controllers\MusicPlayerController))
 6 SYSTEMPATH\CodeIgniter.php(353): CodeIgniter\CodeIgniter->handleRequest(null, Object(Config\Cache), false)
 7 FCPATH\index.php(79): CodeIgniter\CodeIgniter->run()
 8 SYSTEMPATH\Commands\Server\rewrite.php(47): require_once('C:\\laragon\\www\\MP3\\public\\index.php')
CRITICAL - 2023-09-24 14:56:58 --> Invalid file: "playlist.php"
in SYSTEMPATH\Exceptions\FrameworkException.php on line 39.
 1 SYSTEMPATH\View\View.php(214): CodeIgniter\Exceptions\FrameworkException::forInvalidFile('playlist.php')
 2 SYSTEMPATH\Common.php(1188): CodeIgniter\View\View->render('playlist', [], true)
 3 APPPATH\Controllers\MusicPlayerController.php(24): view('playlist')
 4 SYSTEMPATH\CodeIgniter.php(919): App\Controllers\MusicPlayerController->playMusic()
 5 SYSTEMPATH\CodeIgniter.php(494): CodeIgniter\CodeIgniter->runController(Object(App\Controllers\MusicPlayerController))
 6 SYSTEMPATH\CodeIgniter.php(353): CodeIgniter\CodeIgniter->handleRequest(null, Object(Config\Cache), false)
 7 FCPATH\index.php(79): CodeIgniter\CodeIgniter->run()
 8 SYSTEMPATH\Commands\Server\rewrite.php(47): require_once('C:\\laragon\\www\\MP3\\public\\index.php')
CRITICAL - 2023-09-24 14:58:38 --> Invalid file: "playlist.php"
in SYSTEMPATH\Exceptions\FrameworkException.php on line 39.
 1 SYSTEMPATH\View\View.php(214): CodeIgniter\Exceptions\FrameworkException::forInvalidFile('playlist.php')
 2 SYSTEMPATH\Common.php(1188): CodeIgniter\View\View->render('playlist', [], true)
 3 APPPATH\Controllers\MusicPlayerController.php(24): view('playlist')
 4 SYSTEMPATH\CodeIgniter.php(919): App\Controllers\MusicPlayerController->playMusic()
 5 SYSTEMPATH\CodeIgniter.php(494): CodeIgniter\CodeIgniter->runController(Object(App\Controllers\MusicPlayerController))
 6 SYSTEMPATH\CodeIgniter.php(353): CodeIgniter\CodeIgniter->handleRequest(null, Object(Config\Cache), false)
 7 FCPATH\index.php(79): CodeIgniter\CodeIgniter->run()
 8 SYSTEMPATH\Commands\Server\rewrite.php(47): require_once('C:\\laragon\\www\\MP3\\public\\index.php')
CRITICAL - 2023-09-24 15:06:12 --> Invalid file: "playlist.php"
in SYSTEMPATH\Exceptions\FrameworkException.php on line 39.
 1 SYSTEMPATH\View\View.php(214): CodeIgniter\Exceptions\FrameworkException::forInvalidFile('playlist.php')
 2 SYSTEMPATH\Common.php(1188): CodeIgniter\View\View->render('playlist', [], true)
 3 APPPATH\Controllers\MusicPlayerController.php(24): view('playlist')
 4 SYSTEMPATH\CodeIgniter.php(919): App\Controllers\MusicPlayerController->playMusic()
 5 SYSTEMPATH\CodeIgniter.php(494): CodeIgniter\CodeIgniter->runController(Object(App\Controllers\MusicPlayerController))
 6 SYSTEMPATH\CodeIgniter.php(353): CodeIgniter\CodeIgniter->handleRequest(null, Object(Config\Cache), false)
 7 FCPATH\index.php(79): CodeIgniter\CodeIgniter->run()
 8 SYSTEMPATH\Commands\Server\rewrite.php(47): require_once('C:\\laragon\\www\\MP3\\public\\index.php')
CRITICAL - 2023-09-24 15:06:16 --> Invalid file: "playlist.php"
in SYSTEMPATH\Exceptions\FrameworkException.php on line 39.
 1 SYSTEMPATH\View\View.php(214): CodeIgniter\Exceptions\FrameworkException::forInvalidFile('playlist.php')
 2 SYSTEMPATH\Common.php(1188): CodeIgniter\View\View->render('playlist', [], true)
 3 APPPATH\Controllers\MusicPlayerController.php(24): view('playlist')
 4 SYSTEMPATH\CodeIgniter.php(919): App\Controllers\MusicPlayerController->playMusic()
 5 SYSTEMPATH\CodeIgniter.php(494): CodeIgniter\CodeIgniter->runController(Object(App\Controllers\MusicPlayerController))
 6 SYSTEMPATH\CodeIgniter.php(353): CodeIgniter\CodeIgniter->handleRequest(null, Object(Config\Cache), false)
 7 FCPATH\index.php(79): CodeIgniter\CodeIgniter->run()
 8 SYSTEMPATH\Commands\Server\rewrite.php(47): require_once('C:\\laragon\\www\\MP3\\public\\index.php')
CRITICAL - 2023-09-24 15:06:53 --> Invalid file: "playlist.php"
in SYSTEMPATH\Exceptions\FrameworkException.php on line 39.
 1 SYSTEMPATH\View\View.php(214): CodeIgniter\Exceptions\FrameworkException::forInvalidFile('playlist.php')
 2 SYSTEMPATH\Common.php(1188): CodeIgniter\View\View->render('playlist', [], true)
 3 APPPATH\Controllers\MusicPlayerController.php(24): view('playlist')
 4 SYSTEMPATH\CodeIgniter.php(919): App\Controllers\MusicPlayerController->playMusic()
 5 SYSTEMPATH\CodeIgniter.php(494): CodeIgniter\CodeIgniter->runController(Object(App\Controllers\MusicPlayerController))
 6 SYSTEMPATH\CodeIgniter.php(353): CodeIgniter\CodeIgniter->handleRequest(null, Object(Config\Cache), false)
 7 FCPATH\index.php(79): CodeIgniter\CodeIgniter->run()
 8 SYSTEMPATH\Commands\Server\rewrite.php(47): require_once('C:\\laragon\\www\\MP3\\public\\index.php')
CRITICAL - 2023-09-24 15:07:12 --> Invalid file: "playlist.php"
in SYSTEMPATH\Exceptions\FrameworkException.php on line 39.
 1 SYSTEMPATH\View\View.php(214): CodeIgniter\Exceptions\FrameworkException::forInvalidFile('playlist.php')
 2 SYSTEMPATH\Common.php(1188): CodeIgniter\View\View->render('playlist', [], true)
 3 APPPATH\Controllers\MusicPlayerController.php(24): view('playlist')
 4 SYSTEMPATH\CodeIgniter.php(919): App\Controllers\MusicPlayerController->playMusic()
 5 SYSTEMPATH\CodeIgniter.php(494): CodeIgniter\CodeIgniter->runController(Object(App\Controllers\MusicPlayerController))
 6 SYSTEMPATH\CodeIgniter.php(353): CodeIgniter\CodeIgniter->handleRequest(null, Object(Config\Cache), false)
 7 FCPATH\index.php(79): CodeIgniter\CodeIgniter->run()
 8 SYSTEMPATH\Commands\Server\rewrite.php(47): require_once('C:\\laragon\\www\\MP3\\public\\index.php')
CRITICAL - 2023-09-24 15:27:21 --> Undefined variable $music_player
in APPPATH\Views\Music.php on line 104.
 1 APPPATH\Views\Music.php(104): CodeIgniter\Debug\Exceptions->errorHandler(2, 'Undefined variable $music_player', 'C:\\laragon\\www\\MP3\\app\\Views\\Music.php', 104)
 2 SYSTEMPATH\View\View.php(226): include('C:\\laragon\\www\\MP3\\app\\Views\\Music.php')
 3 SYSTEMPATH\View\View.php(229): CodeIgniter\View\View->CodeIgniter\View\{closure}()
 4 SYSTEMPATH\Common.php(1188): CodeIgniter\View\View->render('Music', [], true)
 5 APPPATH\Controllers\MusicPlayerController.php(16): view('Music', [...])
 6 SYSTEMPATH\CodeIgniter.php(919): App\Controllers\MusicPlayerController->Music()
 7 SYSTEMPATH\CodeIgniter.php(494): CodeIgniter\CodeIgniter->runController(Object(App\Controllers\MusicPlayerController))
 8 SYSTEMPATH\CodeIgniter.php(353): CodeIgniter\CodeIgniter->handleRequest(null, Object(Config\Cache), false)
 9 FCPATH\index.php(79): CodeIgniter\CodeIgniter->run()
10 SYSTEMPATH\Commands\Server\rewrite.php(47): require_once('C:\\laragon\\www\\MP3\\public\\index.php')
